<?xml version="1.0" encoding="UTF-8"?>
<testng-results ignored="0" total="1" passed="1" failed="0" skipped="0">
  <reporter-output>
  </reporter-output>
  <suite started-at="2024-03-12T15:54:03 IST" name="Default suite" finished-at="2024-03-12T15:54:20 IST" duration-ms="16805">
    <groups>
    </groups>
    <test started-at="2024-03-12T15:54:03 IST" name="Default test" finished-at="2024-03-12T15:54:20 IST" duration-ms="16805">
      <class name="testClasses.Testsdet">
        <test-method signature="loginTestMethod()[pri:0, instance:testClasses.Testsdet@4fb3ee4e]" started-at="2024-03-12T15:54:03 IST" name="loginTestMethod" finished-at="2024-03-12T15:54:20 IST" duration-ms="16726" status="PASS">
          <reporter-output>
          </reporter-output>
        </test-method> <!-- loginTestMethod -->
      </class> <!-- testClasses.Testsdet -->
    </test> <!-- Default test -->
  </suite> <!-- Default suite -->
</testng-results>
