<?xml version="1.0" encoding="UTF-8"?>
<testng-results ignored="0" total="1" passed="1" failed="0" skipped="0">
  <reporter-output>
  </reporter-output>
  <suite started-at="2024-03-04T13:36:54 IST" name="Default suite" finished-at="2024-03-04T13:37:06 IST" duration-ms="12183">
    <groups>
    </groups>
    <test started-at="2024-03-04T13:36:54 IST" name="Default test" finished-at="2024-03-04T13:37:06 IST" duration-ms="12183">
      <class name="testClasses.LoginTest">
        <test-method is-config="true" signature="beforeSuite()[pri:0, instance:testClasses.LoginTest@2d52216b]" started-at="2024-03-04T13:36:54 IST" name="beforeSuite" finished-at="2024-03-04T13:36:54 IST" duration-ms="11" status="PASS">
          <reporter-output>
          </reporter-output>
        </test-method> <!-- beforeSuite -->
        <test-method is-config="true" signature="beforeMethod(org.testng.ITestResult)[pri:0, instance:testClasses.LoginTest@2d52216b]" started-at="2024-03-04T13:36:54 IST" name="beforeMethod" finished-at="2024-03-04T13:37:05 IST" duration-ms="11643" status="PASS">
          <params>
            <param index="0">
              <value>
                <![CDATA[[TestResult name={null} status=CREATED method=LoginTest.loginTestMethod()[pri:0, instance:testClasses.LoginTest@2d52216b] output={null}]]]>
              </value>
            </param>
          </params>
          <reporter-output>
          </reporter-output>
        </test-method> <!-- beforeMethod -->
        <test-method signature="loginTestMethod()[pri:0, instance:testClasses.LoginTest@2d52216b]" started-at="2024-03-04T13:37:05 IST" name="loginTestMethod" finished-at="2024-03-04T13:37:05 IST" duration-ms="17" status="PASS">
          <reporter-output>
          </reporter-output>
        </test-method> <!-- loginTestMethod -->
        <test-method is-config="true" signature="tearDown(org.testng.ITestResult)[pri:0, instance:testClasses.LoginTest@2d52216b]" started-at="2024-03-04T13:37:05 IST" name="tearDown" finished-at="2024-03-04T13:37:06 IST" duration-ms="454" status="PASS">
          <params>
            <param index="0">
              <value>
                <![CDATA[[TestResult name=loginTestMethod status=SUCCESS method=LoginTest.loginTestMethod()[pri:0, instance:testClasses.LoginTest@2d52216b] output={null}]]]>
              </value>
            </param>
          </params>
          <reporter-output>
          </reporter-output>
        </test-method> <!-- tearDown -->
        <test-method is-config="true" signature="afterSuite()[pri:0, instance:testClasses.LoginTest@2d52216b]" started-at="2024-03-04T13:37:11 IST" name="afterSuite" finished-at="2024-03-04T13:37:11 IST" duration-ms="0" status="PASS">
          <reporter-output>
          </reporter-output>
        </test-method> <!-- afterSuite -->
      </class> <!-- testClasses.LoginTest -->
    </test> <!-- Default test -->
  </suite> <!-- Default suite -->
</testng-results>
